<?xml version="1.0" encoding="UTF-8"?>
<!-- Generated by org.testng.reporters.JUnitReportReporter -->
<testsuite hostname="LAPTOP-3BL16AQ1" failures="0" tests="3" name="TestNGAttributes.Attribute_Description" time="0.944" errors="0" timestamp="2023-04-14T07:44:41 IST" skipped="1">
  <testcase classname="TestNGAttributes.Attribute_Description" name="enterUserName" time="0.645"/>
  <system-out/>
  <testcase classname="TestNGAttributes.Attribute_Description" name="enterPassword" time="0.299"/>
  <system-out/>
  <testcase classname="TestNGAttributes.Attribute_Description" name="clickLogin">
    <skipped/>
  </testcase> <!-- clickLogin -->
  <system-out/>
</testsuite> <!-- TestNGAttributes.Attribute_Description -->
