<?xml version="1.0" encoding="UTF-8"?>
<!-- Generated by org.testng.reporters.JUnitReportReporter -->
<testsuite hostname="LAPTOP-3BL16AQ1" failures="0" tests="3" name="TestNGAttributes.DataProviders_Annotation" time="24.979" errors="0" timestamp="2023-04-14T07:52:55 IST" skipped="0">
  <testcase classname="TestNGAttributes.DataProviders_Annotation" name="enterCredentials" time="6.602"/>
  <system-out/>
  <testcase classname="TestNGAttributes.DataProviders_Annotation" name="enterCredentials" time="9.420"/>
  <system-out/>
  <testcase classname="TestNGAttributes.DataProviders_Annotation" name="enterCredentials" time="8.957"/>
  <system-out/>
</testsuite> <!-- TestNGAttributes.DataProviders_Annotation -->
