<?xml version="1.0" encoding="UTF-8"?>
<!-- Generated by org.testng.reporters.JUnitReportReporter -->
<testsuite hostname="LAPTOP-3BL16AQ1" failures="0" tests="3" name="TestNGAttributes.Attribute_priority" time="12.279" errors="0" timestamp="2023-04-12T07:47:44 IST" skipped="0">
  <testcase classname="TestNGAttributes.Attribute_priority" name="enterUserName" time="4.338"/>
  <system-out/>
  <testcase classname="TestNGAttributes.Attribute_priority" name="enterPassword" time="0.263"/>
  <system-out/>
  <testcase classname="TestNGAttributes.Attribute_priority" name="clickLogin" time="7.678"/>
  <system-out/>
</testsuite> <!-- TestNGAttributes.Attribute_priority -->
