<?xml version="1.0" encoding="UTF-8"?>
<!-- Generated by org.testng.reporters.JUnitReportReporter -->
<testsuite hostname="LAPTOP-3BL16AQ1" failures="0" tests="5" name="Tests.LoginAndLogoutTest" time="25.512" errors="0" timestamp="2023-04-18T07:59:30 IST" skipped="0">
  <testcase classname="Tests.LoginAndLogoutTest" name="enterUserName" time="2.436"/>
  <system-out/>
  <testcase classname="Tests.LoginAndLogoutTest" name="enterPassword" time="0.697"/>
  <system-out/>
  <testcase classname="Tests.LoginAndLogoutTest" name="clickLogin" time="2.003"/>
  <system-out/>
  <testcase classname="Tests.LoginAndLogoutTest" name="clickPaul" time="9.120"/>
  <system-out/>
  <testcase classname="Tests.LoginAndLogoutTest" name="clickSignout" time="11.256"/>
  <system-out/>
</testsuite> <!-- Tests.LoginAndLogoutTest -->
