<?xml version="1.0" encoding="UTF-8"?>
<!-- Generated by org.testng.reporters.JUnitReportReporter -->
<testsuite hostname="LAPTOP-3BL16AQ1" failures="0" tests="1" name="ScreenshotTests.Screenshot_Example" time="2.939" errors="0" timestamp="2023-04-17T07:47:29 IST" skipped="0">
  <testcase classname="ScreenshotTests.Screenshot_Example" name="enterCredentials" time="2.939"/>
  <system-out/>
</testsuite> <!-- ScreenshotTests.Screenshot_Example -->
