<?xml version="1.0" encoding="UTF-8"?>
<!-- Generated by org.testng.reporters.JUnitReportReporter -->
<testsuite hostname="LAPTOP-3BL16AQ1" failures="0" tests="3" name="TestNG.LoginToOrangeHRM2" time="2.996" errors="0" timestamp="2023-04-12T07:43:42 IST" skipped="0">
  <testcase classname="TestNG.LoginToOrangeHRM2" name="enterUserName" time="2.708"/>
  <system-out/>
  <testcase classname="TestNG.LoginToOrangeHRM2" name="enterPassword" time="0.206"/>
  <system-out/>
  <testcase classname="TestNG.LoginToOrangeHRM2" name="clickLogin" time="0.082"/>
  <system-out/>
</testsuite> <!-- TestNG.LoginToOrangeHRM2 -->
