<?xml version="1.0" encoding="UTF-8"?>
<!-- Generated by org.testng.reporters.JUnitReportReporter -->
<testsuite hostname="LAPTOP-3BL16AQ1" failures="0" tests="3" name="Tests.ForgotYourPasswordTest" time="39.168" errors="0" timestamp="2023-04-18T07:48:59 IST" skipped="0">
  <testcase classname="Tests.ForgotYourPasswordTest" name="clickLogin" time="19.367"/>
  <system-out/>
  <testcase classname="Tests.ForgotYourPasswordTest" name="enterUserName" time="6.180"/>
  <system-out/>
  <testcase classname="Tests.ForgotYourPasswordTest" name="clickCancel" time="13.621"/>
  <system-out/>
</testsuite> <!-- Tests.ForgotYourPasswordTest -->
