<?xml version="1.0" encoding="UTF-8"?>
<!-- Generated by org.testng.reporters.JUnitReportReporter -->
<testsuite hostname="LAPTOP-3BL16AQ1" failures="0" tests="3" name="TestNGAttributes.Attribute_Enabled" time="1.251" errors="0" timestamp="2023-04-14T07:37:32 IST" skipped="1">
  <testcase classname="TestNGAttributes.Attribute_Enabled" name="enterUserName" time="0.919"/>
  <system-out/>
  <testcase classname="TestNGAttributes.Attribute_Enabled" name="enterPassword" time="0.332"/>
  <system-out/>
  <testcase classname="TestNGAttributes.Attribute_Enabled" name="clickLogin">
    <skipped/>
  </testcase> <!-- clickLogin -->
  <system-out/>
</testsuite> <!-- TestNGAttributes.Attribute_Enabled -->
