<?xml version="1.0" encoding="UTF-8"?>
<!-- Generated by org.testng.reporters.JUnitReportReporter -->
<testsuite hostname="LAPTOP-3BL16AQ1" failures="0" tests="3" name="TestNGAttributes.Attribute_DependsOnMethods" time="18.697" errors="0" timestamp="2023-04-12T07:58:30 IST" skipped="0">
  <testcase classname="TestNGAttributes.Attribute_DependsOnMethods" name="clickLogin" time="14.428"/>
  <system-out/>
  <testcase classname="TestNGAttributes.Attribute_DependsOnMethods" name="enterUserName" time="4.082"/>
  <system-out/>
  <testcase classname="TestNGAttributes.Attribute_DependsOnMethods" name="enterPassword" time="0.187"/>
  <system-out/>
</testsuite> <!-- TestNGAttributes.Attribute_DependsOnMethods -->
