<?xml version="1.0" encoding="UTF-8"?>
<!-- Generated by org.testng.reporters.JUnitReportReporter -->
<testsuite hostname="LAPTOP-3BL16AQ1" failures="0" tests="3" name="TestNG.LoginToOrangeHRM_Chrome" time="8.321" errors="0" timestamp="2023-04-10T08:08:26 IST" skipped="0">
  <testcase classname="TestNG.LoginToOrangeHRM_Chrome" name="enterUserName" time="3.815"/>
  <system-out/>
  <testcase classname="TestNG.LoginToOrangeHRM_Chrome" name="enterPassword" time="0.557"/>
  <system-out/>
  <testcase classname="TestNG.LoginToOrangeHRM_Chrome" name="clickLogin" time="3.949"/>
  <system-out/>
</testsuite> <!-- TestNG.LoginToOrangeHRM_Chrome -->
