<?xml version="1.0" encoding="UTF-8"?>
<!-- Generated by org.testng.reporters.JUnitReportReporter -->
<testsuite hostname="LAPTOP-3BL16AQ1" failures="0" tests="7" name="TestNGAttributes.Attribute_InvocationCount" time="1.694" errors="0" timestamp="2023-04-14T07:42:46 IST" skipped="1">
  <testcase classname="TestNGAttributes.Attribute_InvocationCount" name="enterUserName" time="0.281"/>
  <system-out/>
  <testcase classname="TestNGAttributes.Attribute_InvocationCount" name="enterUserName" time="0.114"/>
  <system-out/>
  <testcase classname="TestNGAttributes.Attribute_InvocationCount" name="enterUserName" time="0.213"/>
  <system-out/>
  <testcase classname="TestNGAttributes.Attribute_InvocationCount" name="enterUserName" time="0.760"/>
  <system-out/>
  <testcase classname="TestNGAttributes.Attribute_InvocationCount" name="enterUserName" time="0.139"/>
  <system-out/>
  <testcase classname="TestNGAttributes.Attribute_InvocationCount" name="enterPassword" time="0.187"/>
  <system-out/>
  <testcase classname="TestNGAttributes.Attribute_InvocationCount" name="clickLogin">
    <skipped/>
  </testcase> <!-- clickLogin -->
  <system-out/>
</testsuite> <!-- TestNGAttributes.Attribute_InvocationCount -->
