<?xml version="1.0" encoding="UTF-8"?>
<!-- Generated by org.testng.reporters.JUnitReportReporter -->
<testsuite hostname="LAPTOP-3BL16AQ1" failures="0" tests="3" name="TestNGAttributes.Attribute_Timeout" time="2.711" errors="0" timestamp="2023-04-14T07:40:37 IST" skipped="0">
  <testcase classname="TestNGAttributes.Attribute_Timeout" name="enterUserName" time="0.599"/>
  <system-out/>
  <testcase classname="TestNGAttributes.Attribute_Timeout" name="enterPassword" time="0.467"/>
  <system-out/>
  <testcase classname="TestNGAttributes.Attribute_Timeout" name="clickLogin" time="1.645"/>
  <system-out/>
</testsuite> <!-- TestNGAttributes.Attribute_Timeout -->
