<?xml version="1.0" encoding="UTF-8"?>
<!-- Generated by org.testng.reporters.JUnitReportReporter -->
<testsuite hostname="LAPTOP-3BL16AQ1" failures="0" tests="3" name="Tests.LoginTest" time="2.502" errors="0" timestamp="2023-04-18T07:44:03 IST" skipped="0">
  <testcase classname="Tests.LoginTest" name="enterUserName" time="0.687"/>
  <system-out/>
  <testcase classname="Tests.LoginTest" name="enterPassword" time="0.373"/>
  <system-out/>
  <testcase classname="Tests.LoginTest" name="clickLogin" time="1.442"/>
  <system-out/>
</testsuite> <!-- Tests.LoginTest -->
