<?xml version="1.0" encoding="UTF-8"?>
<!-- Generated by org.testng.reporters.JUnitReportReporter -->
<testsuite hostname="LAPTOP-3BL16AQ1" failures="0" tests="3" name="TestNG.LoginToOrangeHRM_Edge" time="6.255" errors="0" timestamp="2023-04-10T08:08:26 IST" skipped="0">
  <testcase classname="TestNG.LoginToOrangeHRM_Edge" name="enterUserName" time="1.312"/>
  <system-out/>
  <testcase classname="TestNG.LoginToOrangeHRM_Edge" name="enterPassword" time="1.782"/>
  <system-out/>
  <testcase classname="TestNG.LoginToOrangeHRM_Edge" name="clickLogin" time="3.161"/>
  <system-out/>
</testsuite> <!-- TestNG.LoginToOrangeHRM_Edge -->
