<?xml version="1.0" encoding="UTF-8"?>
<!-- Generated by org.testng.reporters.JUnitReportReporter -->
<testsuite hostname="LAPTOP-3BL16AQ1" failures="0" tests="1" name="Listeners.Example" time="2.536" errors="0" timestamp="2023-04-19T08:00:31 IST" skipped="0">
  <testcase classname="Listeners.Example" name="enterCredentials" time="2.536"/>
  <system-out/>
</testsuite> <!-- Listeners.Example -->
