<?xml version="1.0" encoding="UTF-8"?>
<!-- Generated by org.testng.reporters.JUnitReportReporter -->
<testsuite hostname="LAPTOP-3BL16AQ1" failures="0" tests="3" name="TestNG.LoginToOrangeHRM" time="3.398" errors="0" timestamp="2023-04-12T07:41:45 IST" skipped="0">
  <testcase classname="TestNG.LoginToOrangeHRM" name="enterUserName" time="2.878"/>
  <system-out/>
  <testcase classname="TestNG.LoginToOrangeHRM" name="enterPassword" time="0.376"/>
  <system-out/>
  <testcase classname="TestNG.LoginToOrangeHRM" name="clickLogin" time="0.144"/>
  <system-out/>
</testsuite> <!-- TestNG.LoginToOrangeHRM -->
